<?xml version="1.0" encoding="UTF-8"?>
<!-- Generated by org.testng.reporters.JUnitXMLReporter -->
<testsuite ignored="0" hostname="yogi" failures="0" tests="3" name="Default test" time="50.485" errors="0" timestamp="2023-10-06T15:54:11 IST">
  <testcase classname="TestNg.DataProviders" name="demo" time="20.982"/>
  <testcase classname="TestNg.DataProviders" name="demo" time="14.852"/>
  <testcase classname="TestNg.DataProviders" name="demo" time="14.17"/>
</testsuite> <!-- Default test -->
