<?xml version="1.0" encoding="UTF-8"?>
<testng-results ignored="0" total="3" passed="3" failed="0" skipped="0">
  <reporter-output>
  </reporter-output>
  <suite started-at="2023-10-06T15:53:20 IST" name="Default suite" finished-at="2023-10-06T15:54:11 IST" duration-ms="50485">
    <groups>
    </groups>
    <test started-at="2023-10-06T15:53:20 IST" name="Default test" finished-at="2023-10-06T15:54:11 IST" duration-ms="50485">
      <class name="TestNg.DataProviders">
        <test-method signature="demo(java.lang.String,java.lang.String)[pri:0, instance:TestNg.DataProviders@7c7b252e]" started-at="2023-10-06T15:53:21 IST" name="demo" data-provider="getData" finished-at="2023-10-06T15:53:42 IST" duration-ms="20982" status="PASS">
          <params>
            <param index="0">
              <value>
                <![CDATA[Padmini]]>
              </value>
            </param>
            <param index="1">
              <value>
                <![CDATA[Patel]]>
              </value>
            </param>
          </params>
          <reporter-output>
          </reporter-output>
        </test-method> <!-- demo -->
        <test-method signature="demo(java.lang.String,java.lang.String)[pri:0, instance:TestNg.DataProviders@7c7b252e]" started-at="2023-10-06T15:53:42 IST" name="demo" data-provider="getData" finished-at="2023-10-06T15:53:56 IST" duration-ms="14852" status="PASS">
          <params>
            <param index="0">
              <value>
                <![CDATA[Yogesh]]>
              </value>
            </param>
            <param index="1">
              <value>
                <![CDATA[123]]>
              </value>
            </param>
          </params>
          <reporter-output>
          </reporter-output>
        </test-method> <!-- demo -->
        <test-method signature="demo(java.lang.String,java.lang.String)[pri:0, instance:TestNg.DataProviders@7c7b252e]" started-at="2023-10-06T15:53:56 IST" name="demo" data-provider="getData" finished-at="2023-10-06T15:54:11 IST" duration-ms="14170" status="PASS">
          <params>
            <param index="0">
              <value>
                <![CDATA[Rivu]]>
              </value>
            </param>
            <param index="1">
              <value>
                <![CDATA[1515]]>
              </value>
            </param>
          </params>
          <reporter-output>
          </reporter-output>
        </test-method> <!-- demo -->
      </class> <!-- TestNg.DataProviders -->
    </test> <!-- Default test -->
  </suite> <!-- Default suite -->
</testng-results>
